[debug] [2017-11-25T21:44:25.994Z] ----------------------------------------------------------------------
[debug] [2017-11-25T21:44:25.997Z] Command:       /usr/local/bin/node /usr/local/bin/firebase deploy
[debug] [2017-11-25T21:44:25.997Z] CLI Version:   3.15.3
[debug] [2017-11-25T21:44:25.997Z] Platform:      darwin
[debug] [2017-11-25T21:44:25.997Z] Node Version:  v6.10.3
[debug] [2017-11-25T21:44:25.998Z] Time:          Sat Nov 25 2017 22:44:25 GMT+0100 (CET)
[debug] [2017-11-25T21:44:25.998Z] ----------------------------------------------------------------------
[debug] 
[debug] [2017-11-25T21:44:26.012Z] > command requires scopes: ["email","openid","https://www.googleapis.com/auth/cloudplatformprojects.readonly","https://www.googleapis.com/auth/firebase","https://www.googleapis.com/auth/cloud-platform"]
[debug] [2017-11-25T21:44:26.012Z] > authorizing via signed-in user
[debug] [2017-11-25T21:44:26.014Z] >>> HTTP REQUEST GET https://admin.firebase.com/v1/projects/treedataset  
 Sat Nov 25 2017 22:44:26 GMT+0100 (CET)
[debug] [2017-11-25T21:44:26.894Z] <<< HTTP RESPONSE 200
[debug] [2017-11-25T21:44:26.895Z] >>> HTTP REQUEST GET https://admin.firebase.com/v1/database/treedataset/tokens  
 Sat Nov 25 2017 22:44:26 GMT+0100 (CET)
[debug] [2017-11-25T21:44:47.648Z] <<< HTTP RESPONSE 500
[debug] [2017-11-25T21:44:47.648Z] <<< HTTP RESPONSE BODY
[error] 
[error] Error: HTTP Error: 500, An unknown error occurred. Please contact support.
[debug] [2017-11-25T21:44:47.655Z] Error Context: {
  "body": {
    "error": {
      "code": "UNKNOWN_ERROR",
      "message": "An unknown error occurred. Please contact support."
    }
  },
  "response": {
    "statusCode": 500,
    "body": {
      "error": {
        "code": "UNKNOWN_ERROR",
        "message": "An unknown error occurred. Please contact support."
      }
    },
    "headers": {
      "server": "nginx",
      "date": "Sat, 25 Nov 2017 21:44:31 GMT",
      "content-type": "application/json; charset=utf-8",
      "content-length": "97",
      "connection": "close",
      "x-content-type-options": "nosniff"
    },
    "request": {
      "uri": {
        "protocol": "https:",
        "slashes": true,
        "auth": null,
        "host": "admin.firebase.com",
        "port": 443,
        "hostname": "admin.firebase.com",
        "hash": null,
        "search": null,
        "query": null,
        "pathname": "/v1/database/treedataset/tokens",
        "path": "/v1/database/treedataset/tokens",
        "href": "https://admin.firebase.com/v1/database/treedataset/tokens"
      },
      "method": "GET"
    }
  }
}
